<?xml version="1.0" encoding="UTF-8"?>
<coverage generated="1668003589507" clover="3.2.0">
  <project timestamp="1668003589507" name="All files">
    <metrics statements="88" coveredstatements="68" conditionals="30" coveredconditionals="12" methods="24" coveredmethods="19" elements="142" coveredelements="99" complexity="0" loc="88" ncloc="88" packages="1" files="5" classes="5"/>
    <file name="addElement.js" path="/Users/kay/Desktop/Microverse Program/Module2/week3/to-do-list/src/addElement.js">
      <metrics statements="6" coveredstatements="6" conditionals="2" coveredconditionals="1" methods="2" coveredmethods="2"/>
      <line num="3" count="2" type="stmt"/>
      <line num="4" count="100" type="stmt"/>
      <line num="5" count="100" type="cond" truecount="1" falsecount="1"/>
      <line num="6" count="220" type="stmt"/>
      <line num="8" count="100" type="stmt"/>
      <line num="10" count="100" type="stmt"/>
    </file>
    <file name="class.js" path="/Users/kay/Desktop/Microverse Program/Module2/week3/to-do-list/src/class.js">
      <metrics statements="3" coveredstatements="3" conditionals="1" coveredconditionals="1" methods="1" coveredmethods="1"/>
      <line num="3" count="6" type="stmt"/>
      <line num="4" count="6" type="stmt"/>
      <line num="5" count="6" type="stmt"/>
    </file>
    <file name="class_task_list.js" path="/Users/kay/Desktop/Microverse Program/Module2/week3/to-do-list/src/class_task_list.js">
      <metrics statements="38" coveredstatements="33" conditionals="14" coveredconditionals="8" methods="14" coveredmethods="13"/>
      <line num="4" count="2" type="stmt"/>
      <line num="8" count="2" type="stmt"/>
      <line num="9" count="2" type="stmt"/>
      <line num="10" count="2" type="stmt"/>
      <line num="14" count="2" type="cond" truecount="1" falsecount="1"/>
      <line num="15" count="2" type="stmt"/>
      <line num="16" count="2" type="cond" truecount="2" falsecount="2"/>
      <line num="17" count="0" type="stmt"/>
      <line num="18" count="0" type="stmt"/>
      <line num="19" count="0" type="cond" truecount="0" falsecount="2"/>
      <line num="20" count="0" type="stmt"/>
      <line num="22" count="0" type="stmt"/>
      <line num="28" count="6" type="cond" truecount="1" falsecount="1"/>
      <line num="29" count="6" type="stmt"/>
      <line num="31" count="6" type="stmt"/>
      <line num="32" count="6" type="stmt"/>
      <line num="34" count="6" type="stmt"/>
      <line num="39" count="5" type="stmt"/>
      <line num="40" count="2" type="stmt"/>
      <line num="41" count="2" type="stmt"/>
      <line num="45" count="1" type="stmt"/>
      <line num="46" count="3" type="cond" truecount="2" falsecount="0"/>
      <line num="47" count="1" type="stmt"/>
      <line num="50" count="2" type="stmt"/>
      <line num="52" count="1" type="stmt"/>
      <line num="56" count="1" type="stmt"/>
      <line num="57" count="3" type="cond" truecount="2" falsecount="0"/>
      <line num="58" count="1" type="stmt"/>
      <line num="61" count="2" type="stmt"/>
      <line num="63" count="1" type="stmt"/>
      <line num="67" count="3" type="stmt"/>
      <line num="68" count="1" type="stmt"/>
      <line num="69" count="1" type="stmt"/>
      <line num="73" count="3" type="stmt"/>
      <line num="74" count="3" type="stmt"/>
      <line num="75" count="5" type="stmt"/>
      <line num="76" count="5" type="stmt"/>
      <line num="78" count="3" type="stmt"/>
    </file>
    <file name="local_storage.js" path="/Users/kay/Desktop/Microverse Program/Module2/week3/to-do-list/src/local_storage.js">
      <metrics statements="8" coveredstatements="7" conditionals="7" coveredconditionals="0" methods="1" coveredmethods="1"/>
      <line num="2" count="2" type="stmt"/>
      <line num="4" count="2" type="stmt"/>
      <line num="5" count="2" type="stmt"/>
      <line num="6" count="2" type="stmt"/>
      <line num="7" count="2" type="stmt"/>
      <line num="8" count="2" type="stmt"/>
      <line num="9" count="2" type="stmt"/>
      <line num="11" count="0" type="cond" truecount="0" falsecount="7"/>
    </file>
    <file name="refresh.js" path="/Users/kay/Desktop/Microverse Program/Module2/week3/to-do-list/src/refresh.js">
      <metrics statements="33" coveredstatements="19" conditionals="6" coveredconditionals="2" methods="6" coveredmethods="2"/>
      <line num="4" count="2" type="stmt"/>
      <line num="5" count="9" type="stmt"/>
      <line num="7" count="9" type="stmt"/>
      <line num="10" count="20" type="cond" truecount="2" falsecount="0"/>
      <line num="11" count="1" type="stmt"/>
      <line num="12" count="1" type="stmt"/>
      <line num="15" count="20" type="stmt"/>
      <line num="16" count="20" type="stmt"/>
      <line num="17" count="20" type="stmt"/>
      <line num="18" count="20" type="stmt"/>
      <line num="19" count="20" type="stmt"/>
      <line num="20" count="20" type="stmt"/>
      <line num="21" count="20" type="stmt"/>
      <line num="22" count="20" type="stmt"/>
      <line num="24" count="20" type="stmt"/>
      <line num="26" count="20" type="stmt"/>
      <line num="27" count="0" type="cond" truecount="0" falsecount="2"/>
      <line num="28" count="0" type="stmt"/>
      <line num="29" count="0" type="stmt"/>
      <line num="30" count="0" type="stmt"/>
      <line num="32" count="0" type="stmt"/>
      <line num="33" count="0" type="stmt"/>
      <line num="34" count="0" type="stmt"/>
      <line num="38" count="20" type="stmt"/>
      <line num="39" count="0" type="stmt"/>
      <line num="40" count="0" type="stmt"/>
      <line num="43" count="20" type="stmt"/>
      <line num="44" count="0" type="stmt"/>
      <line num="45" count="0" type="stmt"/>
      <line num="48" count="20" type="stmt"/>
      <line num="49" count="0" type="cond" truecount="0" falsecount="2"/>
      <line num="50" count="0" type="stmt"/>
      <line num="51" count="0" type="stmt"/>
    </file>
  </project>
</coverage>
