{"/Users/kay/Desktop/Microverse Program/Module2/week3/to-do-list/src/addElement.js": {"path":"/Users/kay/Desktop/Microverse Program/Module2/week3/to-do-list/src/addElement.js","statementMap":{"0":{"start":{"line":3,"column":16},"end":{"line":11,"column":1}},"1":{"start":{"line":4,"column":22},"end":{"line":4,"column":50}},"2":{"start":{"line":5,"column":2},"end":{"line":7,"column":3}},"3":{"start":{"line":6,"column":4},"end":{"line":6,"column":59}},"4":{"start":{"line":6,"column":28},"end":{"line":6,"column":57}},"5":{"start":{"line":8,"column":2},"end":{"line":8,"column":34}},"6":{"start":{"line":10,"column":2},"end":{"line":10,"column":21}}},"fnMap":{"0":{"name":"(anonymous_0)","decl":{"start":{"line":3,"column":16},"end":{"line":3,"column":17}},"loc":{"start":{"line":3,"column":43},"end":{"line":11,"column":1}},"line":3},"1":{"name":"(anonymous_1)","decl":{"start":{"line":6,"column":20},"end":{"line":6,"column":21}},"loc":{"start":{"line":6,"column":28},"end":{"line":6,"column":57}},"line":6}},"branchMap":{"0":{"loc":{"start":{"line":5,"column":2},"end":{"line":7,"column":3}},"type":"if","locations":[{"start":{"line":5,"column":2},"end":{"line":7,"column":3}},{"start":{},"end":{}}],"line":5}},"s":{"0":2,"1":100,"2":100,"3":100,"4":220,"5":100,"6":100},"f":{"0":100,"1":220},"b":{"0":[100,0]},"_coverageSchema":"1a1c01bbd47fc00a2c39e90264f33305004495a9","hash":"2e6eb1c590ac540775a79af25128f4babc1b4a74"}
,"/Users/kay/Desktop/Microverse Program/Module2/week3/to-do-list/src/class.js": {"path":"/Users/kay/Desktop/Microverse Program/Module2/week3/to-do-list/src/class.js","statementMap":{"0":{"start":{"line":3,"column":4},"end":{"line":3,"column":36}},"1":{"start":{"line":4,"column":4},"end":{"line":4,"column":18}},"2":{"start":{"line":5,"column":4},"end":{"line":5,"column":32}}},"fnMap":{"0":{"name":"(anonymous_0)","decl":{"start":{"line":2,"column":2},"end":{"line":2,"column":3}},"loc":{"start":{"line":2,"column":53},"end":{"line":6,"column":3}},"line":2}},"branchMap":{"0":{"loc":{"start":{"line":2,"column":33},"end":{"line":2,"column":51}},"type":"default-arg","locations":[{"start":{"line":2,"column":46},"end":{"line":2,"column":51}}],"line":2}},"s":{"0":6,"1":6,"2":6},"f":{"0":6},"b":{"0":[6]},"_coverageSchema":"1a1c01bbd47fc00a2c39e90264f33305004495a9","hash":"8aae2f8324b3fbc5b82bd43f060d887f1d8aefb0"}
,"/Users/kay/Desktop/Microverse Program/Module2/week3/to-do-list/src/class_task_list.js": {"path":"/Users/kay/Desktop/Microverse Program/Module2/week3/to-do-list/src/class_task_list.js","statementMap":{"0":{"start":{"line":4,"column":27},"end":{"line":4,"column":37}},"1":{"start":{"line":8,"column":4},"end":{"line":8,"column":19}},"2":{"start":{"line":9,"column":4},"end":{"line":9,"column":16}},"3":{"start":{"line":10,"column":4},"end":{"line":10,"column":22}},"4":{"start":{"line":14,"column":4},"end":{"line":24,"column":5}},"5":{"start":{"line":15,"column":19},"end":{"line":15,"column":64}},"6":{"start":{"line":16,"column":6},"end":{"line":23,"column":7}},"7":{"start":{"line":17,"column":8},"end":{"line":17,"column":66}},"8":{"start":{"line":18,"column":25},"end":{"line":21,"column":10}},"9":{"start":{"line":19,"column":22},"end":{"line":19,"column":59}},"10":{"start":{"line":20,"column":10},"end":{"line":20,"column":21}},"11":{"start":{"line":22,"column":8},"end":{"line":22,"column":34}},"12":{"start":{"line":28,"column":4},"end":{"line":35,"column":5}},"13":{"start":{"line":29,"column":22},"end":{"line":29,"column":45}},"14":{"start":{"line":31,"column":6},"end":{"line":31,"column":30}},"15":{"start":{"line":32,"column":6},"end":{"line":32,"column":67}},"16":{"start":{"line":34,"column":6},"end":{"line":34,"column":19}},"17":{"start":{"line":39,"column":4},"end":{"line":39,"column":57}},"18":{"start":{"line":39,"column":40},"end":{"line":39,"column":55}},"19":{"start":{"line":40,"column":4},"end":{"line":40,"column":20}},"20":{"start":{"line":41,"column":4},"end":{"line":41,"column":65}},"21":{"start":{"line":45,"column":4},"end":{"line":51,"column":7}},"22":{"start":{"line":46,"column":6},"end":{"line":48,"column":7}},"23":{"start":{"line":47,"column":8},"end":{"line":47,"column":45}},"24":{"start":{"line":50,"column":6},"end":{"line":50,"column":17}},"25":{"start":{"line":52,"column":4},"end":{"line":52,"column":65}},"26":{"start":{"line":56,"column":4},"end":{"line":62,"column":7}},"27":{"start":{"line":57,"column":6},"end":{"line":59,"column":7}},"28":{"start":{"line":58,"column":8},"end":{"line":58,"column":48}},"29":{"start":{"line":61,"column":6},"end":{"line":61,"column":17}},"30":{"start":{"line":63,"column":4},"end":{"line":63,"column":65}},"31":{"start":{"line":67,"column":4},"end":{"line":67,"column":63}},"32":{"start":{"line":67,"column":40},"end":{"line":67,"column":61}},"33":{"start":{"line":68,"column":4},"end":{"line":68,"column":20}},"34":{"start":{"line":69,"column":4},"end":{"line":69,"column":65}},"35":{"start":{"line":73,"column":12},"end":{"line":73,"column":13}},"36":{"start":{"line":74,"column":4},"end":{"line":77,"column":7}},"37":{"start":{"line":75,"column":6},"end":{"line":75,"column":15}},"38":{"start":{"line":76,"column":6},"end":{"line":76,"column":13}},"39":{"start":{"line":78,"column":4},"end":{"line":78,"column":16}}},"fnMap":{"0":{"name":"(anonymous_0)","decl":{"start":{"line":7,"column":2},"end":{"line":7,"column":3}},"loc":{"start":{"line":7,"column":16},"end":{"line":11,"column":3}},"line":7},"1":{"name":"(anonymous_1)","decl":{"start":{"line":13,"column":2},"end":{"line":13,"column":3}},"loc":{"start":{"line":13,"column":15},"end":{"line":25,"column":3}},"line":13},"2":{"name":"(anonymous_2)","decl":{"start":{"line":18,"column":42},"end":{"line":18,"column":43}},"loc":{"start":{"line":18,"column":61},"end":{"line":21,"column":9}},"line":18},"3":{"name":"(anonymous_3)","decl":{"start":{"line":27,"column":2},"end":{"line":27,"column":3}},"loc":{"start":{"line":27,"column":16},"end":{"line":36,"column":3}},"line":27},"4":{"name":"(anonymous_4)","decl":{"start":{"line":38,"column":2},"end":{"line":38,"column":3}},"loc":{"start":{"line":38,"column":21},"end":{"line":42,"column":3}},"line":38},"5":{"name":"(anonymous_5)","decl":{"start":{"line":39,"column":33},"end":{"line":39,"column":34}},"loc":{"start":{"line":39,"column":40},"end":{"line":39,"column":55}},"line":39},"6":{"name":"(anonymous_6)","decl":{"start":{"line":44,"column":2},"end":{"line":44,"column":3}},"loc":{"start":{"line":44,"column":31},"end":{"line":53,"column":3}},"line":44},"7":{"name":"(anonymous_7)","decl":{"start":{"line":45,"column":30},"end":{"line":45,"column":31}},"loc":{"start":{"line":45,"column":39},"end":{"line":51,"column":5}},"line":45},"8":{"name":"(anonymous_8)","decl":{"start":{"line":55,"column":2},"end":{"line":55,"column":3}},"loc":{"start":{"line":55,"column":30},"end":{"line":64,"column":3}},"line":55},"9":{"name":"(anonymous_9)","decl":{"start":{"line":56,"column":30},"end":{"line":56,"column":31}},"loc":{"start":{"line":56,"column":39},"end":{"line":62,"column":5}},"line":56},"10":{"name":"(anonymous_10)","decl":{"start":{"line":66,"column":2},"end":{"line":66,"column":3}},"loc":{"start":{"line":66,"column":19},"end":{"line":70,"column":3}},"line":66},"11":{"name":"(anonymous_11)","decl":{"start":{"line":67,"column":33},"end":{"line":67,"column":34}},"loc":{"start":{"line":67,"column":40},"end":{"line":67,"column":61}},"line":67},"12":{"name":"(anonymous_12)","decl":{"start":{"line":72,"column":2},"end":{"line":72,"column":3}},"loc":{"start":{"line":72,"column":13},"end":{"line":79,"column":3}},"line":72},"13":{"name":"(anonymous_13)","decl":{"start":{"line":74,"column":22},"end":{"line":74,"column":23}},"loc":{"start":{"line":74,"column":29},"end":{"line":77,"column":5}},"line":74}},"branchMap":{"0":{"loc":{"start":{"line":14,"column":4},"end":{"line":24,"column":5}},"type":"if","locations":[{"start":{"line":14,"column":4},"end":{"line":24,"column":5}},{"start":{},"end":{}}],"line":14},"1":{"loc":{"start":{"line":16,"column":6},"end":{"line":23,"column":7}},"type":"if","locations":[{"start":{"line":16,"column":6},"end":{"line":23,"column":7}},{"start":{},"end":{}}],"line":16},"2":{"loc":{"start":{"line":16,"column":10},"end":{"line":16,"column":35}},"type":"binary-expr","locations":[{"start":{"line":16,"column":10},"end":{"line":16,"column":14}},{"start":{"line":16,"column":18},"end":{"line":16,"column":35}}],"line":16},"3":{"loc":{"start":{"line":19,"column":22},"end":{"line":19,"column":59}},"type":"cond-expr","locations":[{"start":{"line":19,"column":45},"end":{"line":19,"column":49}},{"start":{"line":19,"column":52},"end":{"line":19,"column":59}}],"line":19},"4":{"loc":{"start":{"line":28,"column":4},"end":{"line":35,"column":5}},"type":"if","locations":[{"start":{"line":28,"column":4},"end":{"line":35,"column":5}},{"start":{},"end":{}}],"line":28},"5":{"loc":{"start":{"line":46,"column":6},"end":{"line":48,"column":7}},"type":"if","locations":[{"start":{"line":46,"column":6},"end":{"line":48,"column":7}},{"start":{},"end":{}}],"line":46},"6":{"loc":{"start":{"line":57,"column":6},"end":{"line":59,"column":7}},"type":"if","locations":[{"start":{"line":57,"column":6},"end":{"line":59,"column":7}},{"start":{},"end":{}}],"line":57}},"s":{"0":2,"1":2,"2":2,"3":2,"4":2,"5":2,"6":2,"7":0,"8":0,"9":0,"10":0,"11":0,"12":6,"13":6,"14":6,"15":6,"16":6,"17":2,"18":5,"19":2,"20":2,"21":1,"22":3,"23":1,"24":2,"25":1,"26":1,"27":3,"28":1,"29":2,"30":1,"31":1,"32":3,"33":1,"34":1,"35":3,"36":3,"37":5,"38":5,"39":3},"f":{"0":2,"1":2,"2":0,"3":6,"4":2,"5":5,"6":1,"7":3,"8":1,"9":3,"10":1,"11":3,"12":3,"13":5},"b":{"0":[2,0],"1":[0,2],"2":[2,0],"3":[0,0],"4":[6,0],"5":[1,2],"6":[1,2]},"_coverageSchema":"1a1c01bbd47fc00a2c39e90264f33305004495a9","hash":"c34480b50e51680914601c0e067c30ced0c83df4"}
,"/Users/kay/Desktop/Microverse Program/Module2/week3/to-do-list/src/local_storage.js": {"path":"/Users/kay/Desktop/Microverse Program/Module2/week3/to-do-list/src/local_storage.js","statementMap":{"0":{"start":{"line":2,"column":27},"end":{"line":14,"column":1}},"1":{"start":{"line":4,"column":2},"end":{"line":13,"column":3}},"2":{"start":{"line":5,"column":4},"end":{"line":5,"column":27}},"3":{"start":{"line":6,"column":14},"end":{"line":6,"column":32}},"4":{"start":{"line":7,"column":4},"end":{"line":7,"column":26}},"5":{"start":{"line":8,"column":4},"end":{"line":8,"column":26}},"6":{"start":{"line":9,"column":4},"end":{"line":9,"column":16}},"7":{"start":{"line":11,"column":4},"end":{"line":12,"column":155}}},"fnMap":{"0":{"name":"(anonymous_0)","decl":{"start":{"line":2,"column":27},"end":{"line":2,"column":28}},"loc":{"start":{"line":2,"column":37},"end":{"line":14,"column":1}},"line":2}},"branchMap":{"0":{"loc":{"start":{"line":11,"column":11},"end":{"line":12,"column":154}},"type":"binary-expr","locations":[{"start":{"line":11,"column":11},"end":{"line":11,"column":36}},{"start":{"line":12,"column":6},"end":{"line":12,"column":19}},{"start":{"line":12,"column":23},"end":{"line":12,"column":38}},{"start":{"line":12,"column":42},"end":{"line":12,"column":73}},{"start":{"line":12,"column":77},"end":{"line":12,"column":116}},{"start":{"line":12,"column":122},"end":{"line":12,"column":129}},{"start":{"line":12,"column":133},"end":{"line":12,"column":153}}],"line":11}},"s":{"0":2,"1":2,"2":2,"3":2,"4":2,"5":2,"6":2,"7":0},"f":{"0":2},"b":{"0":[0,0,0,0,0,0,0]},"_coverageSchema":"1a1c01bbd47fc00a2c39e90264f33305004495a9","hash":"172cd82a69cdf1ec66d80160864ced520a21a5da"}
,"/Users/kay/Desktop/Microverse Program/Module2/week3/to-do-list/src/refresh.js": {"path":"/Users/kay/Desktop/Microverse Program/Module2/week3/to-do-list/src/refresh.js","statementMap":{"0":{"start":{"line":4,"column":20},"end":{"line":55,"column":1}},"1":{"start":{"line":5,"column":2},"end":{"line":5,"column":28}},"2":{"start":{"line":7,"column":2},"end":{"line":54,"column":5}},"3":{"start":{"line":10,"column":4},"end":{"line":13,"column":5}},"4":{"start":{"line":11,"column":6},"end":{"line":11,"column":28}},"5":{"start":{"line":12,"column":6},"end":{"line":12,"column":39}},"6":{"start":{"line":15,"column":21},"end":{"line":15,"column":69}},"7":{"start":{"line":16,"column":25},"end":{"line":16,"column":65}},"8":{"start":{"line":17,"column":4},"end":{"line":17,"column":50}},"9":{"start":{"line":18,"column":4},"end":{"line":18,"column":45}},"10":{"start":{"line":19,"column":21},"end":{"line":19,"column":77}},"11":{"start":{"line":20,"column":4},"end":{"line":20,"column":35}},"12":{"start":{"line":21,"column":25},"end":{"line":21,"column":115}},"13":{"start":{"line":22,"column":25},"end":{"line":22,"column":79}},"14":{"start":{"line":24,"column":19},"end":{"line":24,"column":23}},"15":{"start":{"line":26,"column":4},"end":{"line":36,"column":7}},"16":{"start":{"line":27,"column":6},"end":{"line":35,"column":7}},"17":{"start":{"line":28,"column":8},"end":{"line":28,"column":43}},"18":{"start":{"line":29,"column":8},"end":{"line":29,"column":46}},"19":{"start":{"line":30,"column":8},"end":{"line":30,"column":51}},"20":{"start":{"line":32,"column":8},"end":{"line":32,"column":46}},"21":{"start":{"line":33,"column":8},"end":{"line":33,"column":43}},"22":{"start":{"line":34,"column":8},"end":{"line":34,"column":55}},"23":{"start":{"line":38,"column":4},"end":{"line":41,"column":6}},"24":{"start":{"line":39,"column":6},"end":{"line":39,"column":32}},"25":{"start":{"line":40,"column":6},"end":{"line":40,"column":38}},"26":{"start":{"line":43,"column":4},"end":{"line":46,"column":7}},"27":{"start":{"line":44,"column":6},"end":{"line":44,"column":56}},"28":{"start":{"line":45,"column":6},"end":{"line":45,"column":38}},"29":{"start":{"line":48,"column":4},"end":{"line":53,"column":7}},"30":{"start":{"line":49,"column":6},"end":{"line":52,"column":7}},"31":{"start":{"line":50,"column":8},"end":{"line":50,"column":50}},"32":{"start":{"line":51,"column":8},"end":{"line":51,"column":40}}},"fnMap":{"0":{"name":"(anonymous_0)","decl":{"start":{"line":4,"column":20},"end":{"line":4,"column":21}},"loc":{"start":{"line":4,"column":44},"end":{"line":55,"column":1}},"line":4},"1":{"name":"(anonymous_1)","decl":{"start":{"line":7,"column":22},"end":{"line":7,"column":23}},"loc":{"start":{"line":7,"column":29},"end":{"line":54,"column":3}},"line":7},"2":{"name":"(anonymous_2)","decl":{"start":{"line":26,"column":44},"end":{"line":26,"column":45}},"loc":{"start":{"line":26,"column":50},"end":{"line":36,"column":5}},"line":26},"3":{"name":"(anonymous_3)","decl":{"start":{"line":38,"column":27},"end":{"line":38,"column":28}},"loc":{"start":{"line":38,"column":33},"end":{"line":41,"column":5}},"line":38},"4":{"name":"(anonymous_4)","decl":{"start":{"line":43,"column":43},"end":{"line":43,"column":44}},"loc":{"start":{"line":43,"column":49},"end":{"line":46,"column":5}},"line":43},"5":{"name":"(anonymous_5)","decl":{"start":{"line":48,"column":42},"end":{"line":48,"column":43}},"loc":{"start":{"line":48,"column":49},"end":{"line":53,"column":5}},"line":48}},"branchMap":{"0":{"loc":{"start":{"line":10,"column":4},"end":{"line":13,"column":5}},"type":"if","locations":[{"start":{"line":10,"column":4},"end":{"line":13,"column":5}},{"start":{},"end":{}}],"line":10},"1":{"loc":{"start":{"line":27,"column":6},"end":{"line":35,"column":7}},"type":"if","locations":[{"start":{"line":27,"column":6},"end":{"line":35,"column":7}},{"start":{"line":31,"column":13},"end":{"line":35,"column":7}}],"line":27},"2":{"loc":{"start":{"line":49,"column":6},"end":{"line":52,"column":7}},"type":"if","locations":[{"start":{"line":49,"column":6},"end":{"line":52,"column":7}},{"start":{},"end":{}}],"line":49}},"s":{"0":2,"1":9,"2":9,"3":20,"4":1,"5":1,"6":20,"7":20,"8":20,"9":20,"10":20,"11":20,"12":20,"13":20,"14":20,"15":20,"16":0,"17":0,"18":0,"19":0,"20":0,"21":0,"22":0,"23":20,"24":0,"25":0,"26":20,"27":0,"28":0,"29":20,"30":0,"31":0,"32":0},"f":{"0":9,"1":20,"2":0,"3":0,"4":0,"5":0},"b":{"0":[1,19],"1":[0,0],"2":[0,0]},"_coverageSchema":"1a1c01bbd47fc00a2c39e90264f33305004495a9","hash":"544c02efbf611a04eee244f22c9944a59f948cae"}
}
