TN:
SF:src/addElement.js
FN:3,(anonymous_0)
FN:6,(anonymous_1)
FNF:2
FNH:2
FNDA:100,(anonymous_0)
FNDA:220,(anonymous_1)
DA:3,2
DA:4,100
DA:5,100
DA:6,220
DA:8,100
DA:10,100
LF:6
LH:6
BRDA:5,0,0,100
BRDA:5,0,1,0
BRF:2
BRH:1
end_of_record
TN:
SF:src/class.js
FN:2,(anonymous_0)
FNF:1
FNH:1
FNDA:6,(anonymous_0)
DA:3,6
DA:4,6
DA:5,6
LF:3
LH:3
BRDA:2,0,0,6
BRF:1
BRH:1
end_of_record
TN:
SF:src/class_task_list.js
FN:7,(anonymous_0)
FN:13,(anonymous_1)
FN:18,(anonymous_2)
FN:27,(anonymous_3)
FN:38,(anonymous_4)
FN:39,(anonymous_5)
FN:44,(anonymous_6)
FN:45,(anonymous_7)
FN:55,(anonymous_8)
FN:56,(anonymous_9)
FN:66,(anonymous_10)
FN:67,(anonymous_11)
FN:72,(anonymous_12)
FN:74,(anonymous_13)
FNF:14
FNH:13
FNDA:2,(anonymous_0)
FNDA:2,(anonymous_1)
FNDA:0,(anonymous_2)
FNDA:6,(anonymous_3)
FNDA:2,(anonymous_4)
FNDA:5,(anonymous_5)
FNDA:1,(anonymous_6)
FNDA:3,(anonymous_7)
FNDA:1,(anonymous_8)
FNDA:3,(anonymous_9)
FNDA:1,(anonymous_10)
FNDA:3,(anonymous_11)
FNDA:3,(anonymous_12)
FNDA:5,(anonymous_13)
DA:4,2
DA:8,2
DA:9,2
DA:10,2
DA:14,2
DA:15,2
DA:16,2
DA:17,0
DA:18,0
DA:19,0
DA:20,0
DA:22,0
DA:28,6
DA:29,6
DA:31,6
DA:32,6
DA:34,6
DA:39,5
DA:40,2
DA:41,2
DA:45,1
DA:46,3
DA:47,1
DA:50,2
DA:52,1
DA:56,1
DA:57,3
DA:58,1
DA:61,2
DA:63,1
DA:67,3
DA:68,1
DA:69,1
DA:73,3
DA:74,3
DA:75,5
DA:76,5
DA:78,3
LF:38
LH:33
BRDA:14,0,0,2
BRDA:14,0,1,0
BRDA:16,1,0,0
BRDA:16,1,1,2
BRDA:16,2,0,2
BRDA:16,2,1,0
BRDA:19,3,0,0
BRDA:19,3,1,0
BRDA:28,4,0,6
BRDA:28,4,1,0
BRDA:46,5,0,1
BRDA:46,5,1,2
BRDA:57,6,0,1
BRDA:57,6,1,2
BRF:14
BRH:8
end_of_record
TN:
SF:src/local_storage.js
FN:2,(anonymous_0)
FNF:1
FNH:1
FNDA:2,(anonymous_0)
DA:2,2
DA:4,2
DA:5,2
DA:6,2
DA:7,2
DA:8,2
DA:9,2
DA:11,0
LF:8
LH:7
BRDA:11,0,0,0
BRDA:11,0,1,0
BRDA:11,0,2,0
BRDA:11,0,3,0
BRDA:11,0,4,0
BRDA:11,0,5,0
BRDA:11,0,6,0
BRF:7
BRH:0
end_of_record
TN:
SF:src/refresh.js
FN:4,(anonymous_0)
FN:7,(anonymous_1)
FN:26,(anonymous_2)
FN:38,(anonymous_3)
FN:43,(anonymous_4)
FN:48,(anonymous_5)
FNF:6
FNH:2
FNDA:9,(anonymous_0)
FNDA:20,(anonymous_1)
FNDA:0,(anonymous_2)
FNDA:0,(anonymous_3)
FNDA:0,(anonymous_4)
FNDA:0,(anonymous_5)
DA:4,2
DA:5,9
DA:7,9
DA:10,20
DA:11,1
DA:12,1
DA:15,20
DA:16,20
DA:17,20
DA:18,20
DA:19,20
DA:20,20
DA:21,20
DA:22,20
DA:24,20
DA:26,20
DA:27,0
DA:28,0
DA:29,0
DA:30,0
DA:32,0
DA:33,0
DA:34,0
DA:38,20
DA:39,0
DA:40,0
DA:43,20
DA:44,0
DA:45,0
DA:48,20
DA:49,0
DA:50,0
DA:51,0
LF:33
LH:19
BRDA:10,0,0,1
BRDA:10,0,1,19
BRDA:27,1,0,0
BRDA:27,1,1,0
BRDA:49,2,0,0
BRDA:49,2,1,0
BRF:6
BRH:2
end_of_record
